[15:33:30.990] Global cache location '/home/cosmic/.cache/typescript/4.6', safe file path '/home/cosmic/.emacs.d/.cache/lsp/npm/typescript/lib/node_modules/typescript/lib/typingSafeList.json', types map path /home/cosmic/.emacs.d/.cache/lsp/npm/typescript/lib/node_modules/typescript/lib/typesMap.json
[15:33:30.991] Processing cache location '/home/cosmic/.cache/typescript/4.6'
[15:33:30.991] Trying to find '/home/cosmic/.cache/typescript/4.6/package.json'...
[15:33:30.994] Loaded content of '/home/cosmic/.cache/typescript/4.6/package.json': {"private":true,"dependencies":{"types-registry":"^0.1.594"},"devDependencies":{"@types/body-parser":"^1.19.2","@types/bootstrap":"^5.1.11","@types/content-disposition":"^0.5.5","@types/content-type":"^1.1.5","@types/cookie":"^0.5.1","@types/cookie-signature":"^1.0.4","@types/debug":"^4.1.7","@types/depd":"^1.1.32","@types/destroy":"^1.0.0","@types/ee-first":"^1.1.0","@types/encodeurl":"^1.0.0","@types/escape-html":"^1.0.2","@types/etag":"^1.8.1","@types/express":"^4.17.13","@types/fresh":"^0.5.0","@types/http-errors":"^1.8.2","@types/mathjax":"^0.0.37","@types/merge-descriptors":"^1.0.1","@types/ms":"^0.7.31","@types/nodemon":"^1.19.1","@types/on-finished":"^2.3.1","@types/proxy-addr":"^2.0.0","@types/react":"^18.0.9","@types/react-dom":"^18.0.4","@types/react-router-dom":"^5.3.3","@types/send":"^0.17.1","@types/serve-static":"^1.13.10","@types/statuses":"^2.0.0","@types/testing-library__jest-dom":"^5.14.3","@types/timelinejs":"^0.0.28","@types/utils-merge":"^0.0.28","@types/vary":"^1.1.0"}}
[15:33:30.994] Loaded content of '/home/cosmic/.cache/typescript/4.6/package-lock.json'
[15:33:31.022] Adding entry into typings cache: 'body-parser' => '/home/cosmic/.cache/typescript/4.6/node_modules/@types/body-parser/index.d.ts'
[15:33:31.042] Adding entry into typings cache: 'bootstrap' => '/home/cosmic/.cache/typescript/4.6/node_modules/@types/bootstrap/index.d.ts'
[15:33:31.054] Adding entry into typings cache: 'content-disposition' => '/home/cosmic/.cache/typescript/4.6/node_modules/@types/content-disposition/index.d.ts'
[15:33:31.056] Adding entry into typings cache: 'content-type' => '/home/cosmic/.cache/typescript/4.6/node_modules/@types/content-type/index.d.ts'
[15:33:31.058] Adding entry into typings cache: 'cookie' => '/home/cosmic/.cache/typescript/4.6/node_modules/@types/cookie/index.d.ts'
[15:33:31.060] Adding entry into typings cache: 'cookie-signature' => '/home/cosmic/.cache/typescript/4.6/node_modules/@types/cookie-signature/index.d.ts'
[15:33:31.062] Adding entry into typings cache: 'debug' => '/home/cosmic/.cache/typescript/4.6/node_modules/@types/debug/index.d.ts'
[15:33:31.064] Adding entry into typings cache: 'depd' => '/home/cosmic/.cache/typescript/4.6/node_modules/@types/depd/index.d.ts'
[15:33:31.065] Adding entry into typings cache: 'destroy' => '/home/cosmic/.cache/typescript/4.6/node_modules/@types/destroy/index.d.ts'
[15:33:31.067] Adding entry into typings cache: 'ee-first' => '/home/cosmic/.cache/typescript/4.6/node_modules/@types/ee-first/index.d.ts'
[15:33:31.069] Adding entry into typings cache: 'encodeurl' => '/home/cosmic/.cache/typescript/4.6/node_modules/@types/encodeurl/index.d.ts'
[15:33:31.070] Adding entry into typings cache: 'escape-html' => '/home/cosmic/.cache/typescript/4.6/node_modules/@types/escape-html/index.d.ts'
[15:33:31.074] Adding entry into typings cache: 'etag' => '/home/cosmic/.cache/typescript/4.6/node_modules/@types/etag/index.d.ts'
[15:33:31.078] Adding entry into typings cache: 'express' => '/home/cosmic/.cache/typescript/4.6/node_modules/@types/express/index.d.ts'
[15:33:31.079] Adding entry into typings cache: 'fresh' => '/home/cosmic/.cache/typescript/4.6/node_modules/@types/fresh/index.d.ts'
[15:33:31.082] Adding entry into typings cache: 'http-errors' => '/home/cosmic/.cache/typescript/4.6/node_modules/@types/http-errors/index.d.ts'
[15:33:31.100] Adding entry into typings cache: 'mathjax' => '/home/cosmic/.cache/typescript/4.6/node_modules/@types/mathjax/index.d.ts'
[15:33:31.112] Adding entry into typings cache: 'merge-descriptors' => '/home/cosmic/.cache/typescript/4.6/node_modules/@types/merge-descriptors/index.d.ts'
[15:33:31.113] Adding entry into typings cache: 'ms' => '/home/cosmic/.cache/typescript/4.6/node_modules/@types/ms/index.d.ts'
[15:33:31.116] Adding entry into typings cache: 'nodemon' => '/home/cosmic/.cache/typescript/4.6/node_modules/@types/nodemon/index.d.ts'
[15:33:31.117] Adding entry into typings cache: 'on-finished' => '/home/cosmic/.cache/typescript/4.6/node_modules/@types/on-finished/index.d.ts'
[15:33:31.121] Adding entry into typings cache: 'proxy-addr' => '/home/cosmic/.cache/typescript/4.6/node_modules/@types/proxy-addr/index.d.ts'
[15:33:31.139] Adding entry into typings cache: 'react' => '/home/cosmic/.cache/typescript/4.6/node_modules/@types/react/index.d.ts'
[15:33:31.140] Adding entry into typings cache: 'react-dom' => '/home/cosmic/.cache/typescript/4.6/node_modules/@types/react-dom/index.d.ts'
[15:33:31.156] Adding entry into typings cache: 'react-router-dom' => '/home/cosmic/.cache/typescript/4.6/node_modules/@types/react-router-dom/index.d.ts'
[15:33:31.158] Adding entry into typings cache: 'send' => '/home/cosmic/.cache/typescript/4.6/node_modules/@types/send/index.d.ts'
[15:33:31.159] Adding entry into typings cache: 'serve-static' => '/home/cosmic/.cache/typescript/4.6/node_modules/@types/serve-static/index.d.ts'
[15:33:31.160] Adding entry into typings cache: 'statuses' => '/home/cosmic/.cache/typescript/4.6/node_modules/@types/statuses/index.d.ts'
[15:33:31.161] Adding entry into typings cache: 'testing-library__jest-dom' => '/home/cosmic/.cache/typescript/4.6/node_modules/@types/testing-library__jest-dom/index.d.ts'
[15:33:31.179] Adding entry into typings cache: 'timelinejs' => '/home/cosmic/.cache/typescript/4.6/node_modules/@types/timelinejs/index.d.ts'
[15:33:31.180] Adding entry into typings cache: 'utils-merge' => '/home/cosmic/.cache/typescript/4.6/node_modules/@types/utils-merge/index.d.ts'
[15:33:31.181] Adding entry into typings cache: 'vary' => '/home/cosmic/.cache/typescript/4.6/node_modules/@types/vary/index.d.ts'
[15:33:31.181] Finished processing cache location '/home/cosmic/.cache/typescript/4.6'
[15:33:31.182] Process id: 3169
[15:33:31.182] NPM location: /snap/node/6275/bin/npm (explicit '--npmLocation' not  provided)
[15:33:31.182] validateDefaultNpmLocation: false
[15:33:31.182] Npm config file: /home/cosmic/.cache/typescript/4.6/package.json
[15:33:31.182] Updating types-registry npm package...
[15:33:31.182] Exec: /snap/node/6275/bin/npm install --ignore-scripts types-registry@latest
[15:34:42.431]     Succeeded. stdout:
[15:34:42.431] Updated types-registry npm package
[15:34:42.603] Got install request {"projectName":"/dev/null/inferredProject1*","fileNames":["/home/cosmic/.emacs.d/.cache/lsp/npm/typescript/lib/node_modules/typescript/lib/lib.es5.d.ts","/home/cosmic/.emacs.d/.cache/lsp/npm/typescript/lib/node_modules/typescript/lib/lib.es2015.d.ts","/home/cosmic/.emacs.d/.cache/lsp/npm/typescript/lib/node_modules/typescript/lib/lib.es2016.d.ts","/home/cosmic/.emacs.d/.cache/lsp/npm/typescript/lib/node_modules/typescript/lib/lib.dom.d.ts","/home/cosmic/.emacs.d/.cache/lsp/npm/typescript/lib/node_modules/typescript/lib/lib.dom.iterable.d.ts","/home/cosmic/.emacs.d/.cache/lsp/npm/typescript/lib/node_modules/typescript/lib/lib.webworker.importscripts.d.ts","/home/cosmic/.emacs.d/.cache/lsp/npm/typescript/lib/node_modules/typescript/lib/lib.scripthost.d.ts","/home/cosmic/.emacs.d/.cache/lsp/npm/typescript/lib/node_modules/typescript/lib/lib.es2015.core.d.ts","/home/cosmic/.emacs.d/.cache/lsp/npm/typescript/lib/node_modules/typescript/lib/lib.es2015.collection.d.ts","/home/cosmic/.emacs.d/.cache/lsp/npm/typescript/lib/node_modules/typescript/lib/lib.es2015.generator.d.ts","/home/cosmic/.emacs.d/.cache/lsp/npm/typescript/lib/node_modules/typescript/lib/lib.es2015.iterable.d.ts","/home/cosmic/.emacs.d/.cache/lsp/npm/typescript/lib/node_modules/typescript/lib/lib.es2015.promise.d.ts","/home/cosmic/.emacs.d/.cache/lsp/npm/typescript/lib/node_modules/typescript/lib/lib.es2015.proxy.d.ts","/home/cosmic/.emacs.d/.cache/lsp/npm/typescript/lib/node_modules/typescript/lib/lib.es2015.reflect.d.ts","/home/cosmic/.emacs.d/.cache/lsp/npm/typescript/lib/node_modules/typescript/lib/lib.es2015.symbol.d.ts","/home/cosmic/.emacs.d/.cache/lsp/npm/typescript/lib/node_modules/typescript/lib/lib.es2015.symbol.wellknown.d.ts","/home/cosmic/.emacs.d/.cache/lsp/npm/typescript/lib/node_modules/typescript/lib/lib.es2016.array.include.d.ts","/home/cosmic/.emacs.d/.cache/lsp/npm/typescript/lib/node_modules/typescript/lib/lib.es2016.full.d.ts","/home/cosmic/Documents/projects/my_blog/src/components/blogcard/bob.js","/home/cosmic/Documents/projects/my_blog/src/components/blogcard/bob2.js","/home/cosmic/Documents/projects/my_blog/src/body/body.js"],"compilerOptions":{"module":1,"target":3,"jsx":1,"allowJs":true,"allowSyntheticDefaultImports":true,"allowNonTsExtensions":true,"noEmitForJsFiles":true,"maxNodeModuleJsDepth":2},"typeAcquisition":{"enable":true,"include":[],"exclude":[]},"unresolvedImports":[],"projectRootPath":"/home/cosmic/Documents/projects/my_blog/src/body","kind":"discover"}
[15:34:42.616] Loaded safelist from types map file '/home/cosmic/.emacs.d/.cache/lsp/npm/typescript/lib/node_modules/typescript/lib/typesMap.json'
[15:34:42.617] Explicitly included types: []
[15:34:42.618] Inferred typings from unresolved imports: []
[15:34:42.618] Result: {"cachedTypingPaths":[],"newTypingNames":[],"filesToWatch":["/home/cosmic/Documents/projects/my_blog/src/components/blogcard/bower_components","/home/cosmic/Documents/projects/my_blog/src/components/blogcard/node_modules","/home/cosmic/Documents/projects/my_blog/src/body/bower_components","/home/cosmic/Documents/projects/my_blog/src/body/node_modules"]}
[15:34:42.618] Finished typings discovery: {"cachedTypingPaths":[],"newTypingNames":[],"filesToWatch":["/home/cosmic/Documents/projects/my_blog/src/components/blogcard/bower_components","/home/cosmic/Documents/projects/my_blog/src/components/blogcard/node_modules","/home/cosmic/Documents/projects/my_blog/src/body/bower_components","/home/cosmic/Documents/projects/my_blog/src/body/node_modules"]}
[15:34:42.619] DirectoryWatcher:: Added:: WatchInfo: /home/cosmic/Documents/projects/my_blog/src/components/blogcard/bower_components
[15:34:42.619] DirectoryWatcher:: Added:: WatchInfo: /home/cosmic/Documents/projects/my_blog/src/components/blogcard/bower_components 1 undefined Project: /dev/null/inferredProject1* watcher already invoked: false
[15:34:42.620] Elapsed:: 1.2123759998939931ms DirectoryWatcher:: Added:: WatchInfo: /home/cosmic/Documents/projects/my_blog/src/components/blogcard/bower_components 1 undefined Project: /dev/null/inferredProject1* watcher already invoked: false
[15:34:42.620] DirectoryWatcher:: Added:: WatchInfo: /home/cosmic/Documents/projects/my_blog/src/components/blogcard/node_modules
[15:34:42.620] DirectoryWatcher:: Added:: WatchInfo: /home/cosmic/Documents/projects/my_blog/src/components/blogcard/node_modules 1 undefined Project: /dev/null/inferredProject1* watcher already invoked: false
[15:34:42.621] Elapsed:: 0.1236079998780042ms DirectoryWatcher:: Added:: WatchInfo: /home/cosmic/Documents/projects/my_blog/src/components/blogcard/node_modules 1 undefined Project: /dev/null/inferredProject1* watcher already invoked: false
[15:34:42.621] DirectoryWatcher:: Added:: WatchInfo: /home/cosmic/Documents/projects/my_blog/src/body/bower_components
[15:34:42.621] DirectoryWatcher:: Added:: WatchInfo: /home/cosmic/Documents/projects/my_blog/src/body/bower_components 1 undefined Project: /dev/null/inferredProject1* watcher already invoked: false
[15:34:42.621] Elapsed:: 0.10039500007405877ms DirectoryWatcher:: Added:: WatchInfo: /home/cosmic/Documents/projects/my_blog/src/body/bower_components 1 undefined Project: /dev/null/inferredProject1* watcher already invoked: false
[15:34:42.621] DirectoryWatcher:: Added:: WatchInfo: /home/cosmic/Documents/projects/my_blog/src/body/node_modules
[15:34:42.621] DirectoryWatcher:: Added:: WatchInfo: /home/cosmic/Documents/projects/my_blog/src/body/node_modules 1 undefined Project: /dev/null/inferredProject1* watcher already invoked: false
[15:34:42.621] Elapsed:: 0.07724400004372001ms DirectoryWatcher:: Added:: WatchInfo: /home/cosmic/Documents/projects/my_blog/src/body/node_modules 1 undefined Project: /dev/null/inferredProject1* watcher already invoked: false
[15:34:42.621] Sending response:
    {"projectName":"/dev/null/inferredProject1*","typeAcquisition":{"enable":true,"include":[],"exclude":[]},"compilerOptions":{"module":1,"target":3,"jsx":1,"allowJs":true,"allowSyntheticDefaultImports":true,"allowNonTsExtensions":true,"noEmitForJsFiles":true,"maxNodeModuleJsDepth":2},"typings":[],"unresolvedImports":[],"kind":"action::set"}
[15:34:42.622] Response has been sent.
[15:34:42.622] No new typings were requested as a result of typings discovery
[15:34:42.622] Got install request {"projectName":"/dev/null/inferredProject1*","fileNames":["/home/cosmic/.emacs.d/.cache/lsp/npm/typescript/lib/node_modules/typescript/lib/lib.es5.d.ts","/home/cosmic/.emacs.d/.cache/lsp/npm/typescript/lib/node_modules/typescript/lib/lib.es2015.d.ts","/home/cosmic/.emacs.d/.cache/lsp/npm/typescript/lib/node_modules/typescript/lib/lib.es2016.d.ts","/home/cosmic/.emacs.d/.cache/lsp/npm/typescript/lib/node_modules/typescript/lib/lib.dom.d.ts","/home/cosmic/.emacs.d/.cache/lsp/npm/typescript/lib/node_modules/typescript/lib/lib.dom.iterable.d.ts","/home/cosmic/.emacs.d/.cache/lsp/npm/typescript/lib/node_modules/typescript/lib/lib.webworker.importscripts.d.ts","/home/cosmic/.emacs.d/.cache/lsp/npm/typescript/lib/node_modules/typescript/lib/lib.scripthost.d.ts","/home/cosmic/.emacs.d/.cache/lsp/npm/typescript/lib/node_modules/typescript/lib/lib.es2015.core.d.ts","/home/cosmic/.emacs.d/.cache/lsp/npm/typescript/lib/node_modules/typescript/lib/lib.es2015.collection.d.ts","/home/cosmic/.emacs.d/.cache/lsp/npm/typescript/lib/node_modules/typescript/lib/lib.es2015.generator.d.ts","/home/cosmic/.emacs.d/.cache/lsp/npm/typescript/lib/node_modules/typescript/lib/lib.es2015.iterable.d.ts","/home/cosmic/.emacs.d/.cache/lsp/npm/typescript/lib/node_modules/typescript/lib/lib.es2015.promise.d.ts","/home/cosmic/.emacs.d/.cache/lsp/npm/typescript/lib/node_modules/typescript/lib/lib.es2015.proxy.d.ts","/home/cosmic/.emacs.d/.cache/lsp/npm/typescript/lib/node_modules/typescript/lib/lib.es2015.reflect.d.ts","/home/cosmic/.emacs.d/.cache/lsp/npm/typescript/lib/node_modules/typescript/lib/lib.es2015.symbol.d.ts","/home/cosmic/.emacs.d/.cache/lsp/npm/typescript/lib/node_modules/typescript/lib/lib.es2015.symbol.wellknown.d.ts","/home/cosmic/.emacs.d/.cache/lsp/npm/typescript/lib/node_modules/typescript/lib/lib.es2016.array.include.d.ts","/home/cosmic/.emacs.d/.cache/lsp/npm/typescript/lib/node_modules/typescript/lib/lib.es2016.full.d.ts","/home/cosmic/Documents/projects/my_blog/src/components/blogcard/bob.js","/home/cosmic/Documents/projects/my_blog/src/components/blogcard/bob2.js","/home/cosmic/Documents/projects/my_blog/src/body/body.js"],"compilerOptions":{"module":1,"target":3,"jsx":1,"allowJs":true,"allowSyntheticDefaultImports":true,"allowNonTsExtensions":true,"noEmitForJsFiles":true,"maxNodeModuleJsDepth":2},"typeAcquisition":{"enable":true,"include":[],"exclude":[]},"unresolvedImports":["r"],"projectRootPath":"/home/cosmic/Documents/projects/my_blog/src/body","kind":"discover"}
[15:34:42.622] Explicitly included types: []
[15:34:42.622] Inferred typings from unresolved imports: ["r"]
[15:34:42.622] Result: {"cachedTypingPaths":[],"newTypingNames":["r"],"filesToWatch":["/home/cosmic/Documents/projects/my_blog/src/components/blogcard/bower_components","/home/cosmic/Documents/projects/my_blog/src/components/blogcard/node_modules","/home/cosmic/Documents/projects/my_blog/src/body/bower_components","/home/cosmic/Documents/projects/my_blog/src/body/node_modules"]}
[15:34:42.622] Finished typings discovery: {"cachedTypingPaths":[],"newTypingNames":["r"],"filesToWatch":["/home/cosmic/Documents/projects/my_blog/src/components/blogcard/bower_components","/home/cosmic/Documents/projects/my_blog/src/components/blogcard/node_modules","/home/cosmic/Documents/projects/my_blog/src/body/bower_components","/home/cosmic/Documents/projects/my_blog/src/body/node_modules"]}
[15:34:42.623] Installing typings ["r"]
[15:34:42.623] 'r':: Entry for package 'r' does not exist in local types registry - skipping...
[15:34:42.623] All typings are known to be missing or invalid - no need to install more typings
[15:34:42.623] Sending response:
    {"projectName":"/dev/null/inferredProject1*","typeAcquisition":{"enable":true,"include":[],"exclude":[]},"compilerOptions":{"module":1,"target":3,"jsx":1,"allowJs":true,"allowSyntheticDefaultImports":true,"allowNonTsExtensions":true,"noEmitForJsFiles":true,"maxNodeModuleJsDepth":2},"typings":[],"unresolvedImports":["r"],"kind":"action::set"}
[15:34:42.623] Response has been sent.
[15:34:42.623] Got install request {"projectName":"/dev/null/inferredProject1*","fileNames":["/home/cosmic/.emacs.d/.cache/lsp/npm/typescript/lib/node_modules/typescript/lib/lib.es5.d.ts","/home/cosmic/.emacs.d/.cache/lsp/npm/typescript/lib/node_modules/typescript/lib/lib.es2015.d.ts","/home/cosmic/.emacs.d/.cache/lsp/npm/typescript/lib/node_modules/typescript/lib/lib.es2016.d.ts","/home/cosmic/.emacs.d/.cache/lsp/npm/typescript/lib/node_modules/typescript/lib/lib.dom.d.ts","/home/cosmic/.emacs.d/.cache/lsp/npm/typescript/lib/node_modules/typescript/lib/lib.dom.iterable.d.ts","/home/cosmic/.emacs.d/.cache/lsp/npm/typescript/lib/node_modules/typescript/lib/lib.webworker.importscripts.d.ts","/home/cosmic/.emacs.d/.cache/lsp/npm/typescript/lib/node_modules/typescript/lib/lib.scripthost.d.ts","/home/cosmic/.emacs.d/.cache/lsp/npm/typescript/lib/node_modules/typescript/lib/lib.es2015.core.d.ts","/home/cosmic/.emacs.d/.cache/lsp/npm/typescript/lib/node_modules/typescript/lib/lib.es2015.collection.d.ts","/home/cosmic/.emacs.d/.cache/lsp/npm/typescript/lib/node_modules/typescript/lib/lib.es2015.generator.d.ts","/home/cosmic/.emacs.d/.cache/lsp/npm/typescript/lib/node_modules/typescript/lib/lib.es2015.iterable.d.ts","/home/cosmic/.emacs.d/.cache/lsp/npm/typescript/lib/node_modules/typescript/lib/lib.es2015.promise.d.ts","/home/cosmic/.emacs.d/.cache/lsp/npm/typescript/lib/node_modules/typescript/lib/lib.es2015.proxy.d.ts","/home/cosmic/.emacs.d/.cache/lsp/npm/typescript/lib/node_modules/typescript/lib/lib.es2015.reflect.d.ts","/home/cosmic/.emacs.d/.cache/lsp/npm/typescript/lib/node_modules/typescript/lib/lib.es2015.symbol.d.ts","/home/cosmic/.emacs.d/.cache/lsp/npm/typescript/lib/node_modules/typescript/lib/lib.es2015.symbol.wellknown.d.ts","/home/cosmic/.emacs.d/.cache/lsp/npm/typescript/lib/node_modules/typescript/lib/lib.es2016.array.include.d.ts","/home/cosmic/.emacs.d/.cache/lsp/npm/typescript/lib/node_modules/typescript/lib/lib.es2016.full.d.ts","/home/cosmic/Documents/projects/my_blog/src/components/blogcard/bob.js","/home/cosmic/Documents/projects/my_blog/src/components/blogcard/bob2.js","/home/cosmic/Documents/projects/my_blog/src/body/body.js"],"compilerOptions":{"module":1,"target":3,"jsx":1,"allowJs":true,"allowSyntheticDefaultImports":true,"allowNonTsExtensions":true,"noEmitForJsFiles":true,"maxNodeModuleJsDepth":2},"typeAcquisition":{"enable":true,"include":[],"exclude":[]},"unresolvedImports":["re"],"projectRootPath":"/home/cosmic/Documents/projects/my_blog/src/body","kind":"discover"}
[15:34:42.623] Explicitly included types: []
[15:34:42.624] Inferred typings from unresolved imports: ["re"]
[15:34:42.624] Result: {"cachedTypingPaths":[],"newTypingNames":["re"],"filesToWatch":["/home/cosmic/Documents/projects/my_blog/src/components/blogcard/bower_components","/home/cosmic/Documents/projects/my_blog/src/components/blogcard/node_modules","/home/cosmic/Documents/projects/my_blog/src/body/bower_components","/home/cosmic/Documents/projects/my_blog/src/body/node_modules"]}
[15:34:42.624] Finished typings discovery: {"cachedTypingPaths":[],"newTypingNames":["re"],"filesToWatch":["/home/cosmic/Documents/projects/my_blog/src/components/blogcard/bower_components","/home/cosmic/Documents/projects/my_blog/src/components/blogcard/node_modules","/home/cosmic/Documents/projects/my_blog/src/body/bower_components","/home/cosmic/Documents/projects/my_blog/src/body/node_modules"]}
[15:34:42.624] Installing typings ["re"]
[15:34:42.624] 're':: Entry for package 're' does not exist in local types registry - skipping...
[15:34:42.624] All typings are known to be missing or invalid - no need to install more typings
[15:34:42.624] Sending response:
    {"projectName":"/dev/null/inferredProject1*","typeAcquisition":{"enable":true,"include":[],"exclude":[]},"compilerOptions":{"module":1,"target":3,"jsx":1,"allowJs":true,"allowSyntheticDefaultImports":true,"allowNonTsExtensions":true,"noEmitForJsFiles":true,"maxNodeModuleJsDepth":2},"typings":[],"unresolvedImports":["re"],"kind":"action::set"}
[15:34:42.624] Response has been sent.
[15:34:42.624] Got install request {"projectName":"/dev/null/inferredProject1*","fileNames":["/home/cosmic/.emacs.d/.cache/lsp/npm/typescript/lib/node_modules/typescript/lib/lib.es5.d.ts","/home/cosmic/.emacs.d/.cache/lsp/npm/typescript/lib/node_modules/typescript/lib/lib.es2015.d.ts","/home/cosmic/.emacs.d/.cache/lsp/npm/typescript/lib/node_modules/typescript/lib/lib.es2016.d.ts","/home/cosmic/.emacs.d/.cache/lsp/npm/typescript/lib/node_modules/typescript/lib/lib.dom.d.ts","/home/cosmic/.emacs.d/.cache/lsp/npm/typescript/lib/node_modules/typescript/lib/lib.dom.iterable.d.ts","/home/cosmic/.emacs.d/.cache/lsp/npm/typescript/lib/node_modules/typescript/lib/lib.webworker.importscripts.d.ts","/home/cosmic/.emacs.d/.cache/lsp/npm/typescript/lib/node_modules/typescript/lib/lib.scripthost.d.ts","/home/cosmic/.emacs.d/.cache/lsp/npm/typescript/lib/node_modules/typescript/lib/lib.es2015.core.d.ts","/home/cosmic/.emacs.d/.cache/lsp/npm/typescript/lib/node_modules/typescript/lib/lib.es2015.collection.d.ts","/home/cosmic/.emacs.d/.cache/lsp/npm/typescript/lib/node_modules/typescript/lib/lib.es2015.generator.d.ts","/home/cosmic/.emacs.d/.cache/lsp/npm/typescript/lib/node_modules/typescript/lib/lib.es2015.iterable.d.ts","/home/cosmic/.emacs.d/.cache/lsp/npm/typescript/lib/node_modules/typescript/lib/lib.es2015.promise.d.ts","/home/cosmic/.emacs.d/.cache/lsp/npm/typescript/lib/node_modules/typescript/lib/lib.es2015.proxy.d.ts","/home/cosmic/.emacs.d/.cache/lsp/npm/typescript/lib/node_modules/typescript/lib/lib.es2015.reflect.d.ts","/home/cosmic/.emacs.d/.cache/lsp/npm/typescript/lib/node_modules/typescript/lib/lib.es2015.symbol.d.ts","/home/cosmic/.emacs.d/.cache/lsp/npm/typescript/lib/node_modules/typescript/lib/lib.es2015.symbol.wellknown.d.ts","/home/cosmic/.emacs.d/.cache/lsp/npm/typescript/lib/node_modules/typescript/lib/lib.es2016.array.include.d.ts","/home/cosmic/.emacs.d/.cache/lsp/npm/typescript/lib/node_modules/typescript/lib/lib.es2016.full.d.ts","/home/cosmic/Documents/projects/my_blog/src/components/blogcard/bob.js","/home/cosmic/Documents/projects/my_blog/src/components/blogcard/bob2.js","/home/cosmic/Documents/projects/my_blog/src/body/body.js"],"compilerOptions":{"module":1,"target":3,"jsx":1,"allowJs":true,"allowSyntheticDefaultImports":true,"allowNonTsExtensions":true,"noEmitForJsFiles":true,"maxNodeModuleJsDepth":2},"typeAcquisition":{"enable":true,"include":[],"exclude":[]},"unresolvedImports":["rea"],"projectRootPath":"/home/cosmic/Documents/projects/my_blog/src/body","kind":"discover"}
[15:34:42.624] Explicitly included types: []
[15:34:42.625] Inferred typings from unresolved imports: ["rea"]
[15:34:42.625] Result: {"cachedTypingPaths":[],"newTypingNames":["rea"],"filesToWatch":["/home/cosmic/Documents/projects/my_blog/src/components/blogcard/bower_components","/home/cosmic/Documents/projects/my_blog/src/components/blogcard/node_modules","/home/cosmic/Documents/projects/my_blog/src/body/bower_components","/home/cosmic/Documents/projects/my_blog/src/body/node_modules"]}
[15:34:42.625] Finished typings discovery: {"cachedTypingPaths":[],"newTypingNames":["rea"],"filesToWatch":["/home/cosmic/Documents/projects/my_blog/src/components/blogcard/bower_components","/home/cosmic/Documents/projects/my_blog/src/components/blogcard/node_modules","/home/cosmic/Documents/projects/my_blog/src/body/bower_components","/home/cosmic/Documents/projects/my_blog/src/body/node_modules"]}
[15:34:42.625] Installing typings ["rea"]
[15:34:42.625] 'rea':: Entry for package 'rea' does not exist in local types registry - skipping...
[15:34:42.625] All typings are known to be missing or invalid - no need to install more typings
[15:34:42.625] Sending response:
    {"projectName":"/dev/null/inferredProject1*","typeAcquisition":{"enable":true,"include":[],"exclude":[]},"compilerOptions":{"module":1,"target":3,"jsx":1,"allowJs":true,"allowSyntheticDefaultImports":true,"allowNonTsExtensions":true,"noEmitForJsFiles":true,"maxNodeModuleJsDepth":2},"typings":[],"unresolvedImports":["rea"],"kind":"action::set"}
[15:34:42.625] Response has been sent.
[15:34:43.198] Got install request {"projectName":"/dev/null/inferredProject1*","fileNames":["/home/cosmic/.emacs.d/.cache/lsp/npm/typescript/lib/node_modules/typescript/lib/lib.es5.d.ts","/home/cosmic/.emacs.d/.cache/lsp/npm/typescript/lib/node_modules/typescript/lib/lib.es2015.d.ts","/home/cosmic/.emacs.d/.cache/lsp/npm/typescript/lib/node_modules/typescript/lib/lib.es2016.d.ts","/home/cosmic/.emacs.d/.cache/lsp/npm/typescript/lib/node_modules/typescript/lib/lib.dom.d.ts","/home/cosmic/.emacs.d/.cache/lsp/npm/typescript/lib/node_modules/typescript/lib/lib.dom.iterable.d.ts","/home/cosmic/.emacs.d/.cache/lsp/npm/typescript/lib/node_modules/typescript/lib/lib.webworker.importscripts.d.ts","/home/cosmic/.emacs.d/.cache/lsp/npm/typescript/lib/node_modules/typescript/lib/lib.scripthost.d.ts","/home/cosmic/.emacs.d/.cache/lsp/npm/typescript/lib/node_modules/typescript/lib/lib.es2015.core.d.ts","/home/cosmic/.emacs.d/.cache/lsp/npm/typescript/lib/node_modules/typescript/lib/lib.es2015.collection.d.ts","/home/cosmic/.emacs.d/.cache/lsp/npm/typescript/lib/node_modules/typescript/lib/lib.es2015.generator.d.ts","/home/cosmic/.emacs.d/.cache/lsp/npm/typescript/lib/node_modules/typescript/lib/lib.es2015.iterable.d.ts","/home/cosmic/.emacs.d/.cache/lsp/npm/typescript/lib/node_modules/typescript/lib/lib.es2015.promise.d.ts","/home/cosmic/.emacs.d/.cache/lsp/npm/typescript/lib/node_modules/typescript/lib/lib.es2015.proxy.d.ts","/home/cosmic/.emacs.d/.cache/lsp/npm/typescript/lib/node_modules/typescript/lib/lib.es2015.reflect.d.ts","/home/cosmic/.emacs.d/.cache/lsp/npm/typescript/lib/node_modules/typescript/lib/lib.es2015.symbol.d.ts","/home/cosmic/.emacs.d/.cache/lsp/npm/typescript/lib/node_modules/typescript/lib/lib.es2015.symbol.wellknown.d.ts","/home/cosmic/.emacs.d/.cache/lsp/npm/typescript/lib/node_modules/typescript/lib/lib.es2016.array.include.d.ts","/home/cosmic/.emacs.d/.cache/lsp/npm/typescript/lib/node_modules/typescript/lib/lib.es2016.full.d.ts","/home/cosmic/Documents/projects/my_blog/src/components/blogcard/bob.js","/home/cosmic/Documents/projects/my_blog/src/components/blogcard/bob2.js","/home/cosmic/Documents/projects/my_blog/src/body/body.js"],"compilerOptions":{"module":1,"target":3,"jsx":1,"allowJs":true,"allowSyntheticDefaultImports":true,"allowNonTsExtensions":true,"noEmitForJsFiles":true,"maxNodeModuleJsDepth":2},"typeAcquisition":{"enable":true,"include":[],"exclude":[]},"unresolvedImports":[],"projectRootPath":"/home/cosmic/Documents/projects/my_blog/src/body","kind":"discover"}
[15:34:43.198] Explicitly included types: []
[15:34:43.199] Inferred typings from unresolved imports: []
[15:34:43.199] Result: {"cachedTypingPaths":[],"newTypingNames":[],"filesToWatch":["/home/cosmic/Documents/projects/my_blog/src/components/blogcard/bower_components","/home/cosmic/Documents/projects/my_blog/src/components/blogcard/node_modules","/home/cosmic/Documents/projects/my_blog/src/body/bower_components","/home/cosmic/Documents/projects/my_blog/src/body/node_modules"]}
[15:34:43.199] Finished typings discovery: {"cachedTypingPaths":[],"newTypingNames":[],"filesToWatch":["/home/cosmic/Documents/projects/my_blog/src/components/blogcard/bower_components","/home/cosmic/Documents/projects/my_blog/src/components/blogcard/node_modules","/home/cosmic/Documents/projects/my_blog/src/body/bower_components","/home/cosmic/Documents/projects/my_blog/src/body/node_modules"]}
[15:34:43.199] Sending response:
    {"projectName":"/dev/null/inferredProject1*","typeAcquisition":{"enable":true,"include":[],"exclude":[]},"compilerOptions":{"module":1,"target":3,"jsx":1,"allowJs":true,"allowSyntheticDefaultImports":true,"allowNonTsExtensions":true,"noEmitForJsFiles":true,"maxNodeModuleJsDepth":2},"typings":[],"unresolvedImports":[],"kind":"action::set"}
[15:34:43.200] Response has been sent.
[15:34:43.200] No new typings were requested as a result of typings discovery
