[10:11:36.145] Global cache location '/home/cosmic/.cache/typescript/4.6', safe file path '/home/cosmic/.emacs.d/.cache/lsp/npm/typescript/lib/node_modules/typescript/lib/typingSafeList.json', types map path /home/cosmic/.emacs.d/.cache/lsp/npm/typescript/lib/node_modules/typescript/lib/typesMap.json
[10:11:36.146] Processing cache location '/home/cosmic/.cache/typescript/4.6'
[10:11:36.146] Trying to find '/home/cosmic/.cache/typescript/4.6/package.json'...
[10:11:36.236] Loaded content of '/home/cosmic/.cache/typescript/4.6/package.json': {"private":true,"dependencies":{"types-registry":"^0.1.593"},"devDependencies":{"@types/body-parser":"^1.19.2","@types/bootstrap":"^5.1.11","@types/content-disposition":"^0.5.5","@types/content-type":"^1.1.5","@types/cookie":"^0.5.1","@types/cookie-signature":"^1.0.4","@types/debug":"^4.1.7","@types/depd":"^1.1.32","@types/destroy":"^1.0.0","@types/ee-first":"^1.1.0","@types/encodeurl":"^1.0.0","@types/escape-html":"^1.0.2","@types/etag":"^1.8.1","@types/express":"^4.17.13","@types/fresh":"^0.5.0","@types/http-errors":"^1.8.2","@types/mathjax":"^0.0.37","@types/merge-descriptors":"^1.0.1","@types/ms":"^0.7.31","@types/nodemon":"^1.19.1","@types/on-finished":"^2.3.1","@types/proxy-addr":"^2.0.0","@types/react":"^18.0.9","@types/react-dom":"^18.0.4","@types/react-router-dom":"^5.3.3","@types/send":"^0.17.1","@types/serve-static":"^1.13.10","@types/statuses":"^2.0.0","@types/testing-library__jest-dom":"^5.14.3","@types/timelinejs":"^0.0.28","@types/utils-merge":"^0.0.28","@types/vary":"^1.1.0"}}
[10:11:36.237] Loaded content of '/home/cosmic/.cache/typescript/4.6/package-lock.json'
[10:11:36.310] Adding entry into typings cache: 'body-parser' => '/home/cosmic/.cache/typescript/4.6/node_modules/@types/body-parser/index.d.ts'
[10:11:36.342] Adding entry into typings cache: 'bootstrap' => '/home/cosmic/.cache/typescript/4.6/node_modules/@types/bootstrap/index.d.ts'
[10:11:36.398] Adding entry into typings cache: 'content-disposition' => '/home/cosmic/.cache/typescript/4.6/node_modules/@types/content-disposition/index.d.ts'
[10:11:36.400] Adding entry into typings cache: 'content-type' => '/home/cosmic/.cache/typescript/4.6/node_modules/@types/content-type/index.d.ts'
[10:11:36.431] Adding entry into typings cache: 'cookie' => '/home/cosmic/.cache/typescript/4.6/node_modules/@types/cookie/index.d.ts'
[10:11:36.463] Adding entry into typings cache: 'cookie-signature' => '/home/cosmic/.cache/typescript/4.6/node_modules/@types/cookie-signature/index.d.ts'
[10:11:36.467] Adding entry into typings cache: 'debug' => '/home/cosmic/.cache/typescript/4.6/node_modules/@types/debug/index.d.ts'
[10:11:36.469] Adding entry into typings cache: 'depd' => '/home/cosmic/.cache/typescript/4.6/node_modules/@types/depd/index.d.ts'
[10:11:36.471] Adding entry into typings cache: 'destroy' => '/home/cosmic/.cache/typescript/4.6/node_modules/@types/destroy/index.d.ts'
[10:11:36.474] Adding entry into typings cache: 'ee-first' => '/home/cosmic/.cache/typescript/4.6/node_modules/@types/ee-first/index.d.ts'
[10:11:36.478] Adding entry into typings cache: 'encodeurl' => '/home/cosmic/.cache/typescript/4.6/node_modules/@types/encodeurl/index.d.ts'
[10:11:36.517] Adding entry into typings cache: 'escape-html' => '/home/cosmic/.cache/typescript/4.6/node_modules/@types/escape-html/index.d.ts'
[10:11:36.519] Adding entry into typings cache: 'etag' => '/home/cosmic/.cache/typescript/4.6/node_modules/@types/etag/index.d.ts'
[10:11:36.569] Adding entry into typings cache: 'express' => '/home/cosmic/.cache/typescript/4.6/node_modules/@types/express/index.d.ts'
[10:11:36.571] Adding entry into typings cache: 'fresh' => '/home/cosmic/.cache/typescript/4.6/node_modules/@types/fresh/index.d.ts'
[10:11:36.574] Adding entry into typings cache: 'http-errors' => '/home/cosmic/.cache/typescript/4.6/node_modules/@types/http-errors/index.d.ts'
[10:11:36.609] Adding entry into typings cache: 'mathjax' => '/home/cosmic/.cache/typescript/4.6/node_modules/@types/mathjax/index.d.ts'
[10:11:36.643] Adding entry into typings cache: 'merge-descriptors' => '/home/cosmic/.cache/typescript/4.6/node_modules/@types/merge-descriptors/index.d.ts'
[10:11:36.645] Adding entry into typings cache: 'ms' => '/home/cosmic/.cache/typescript/4.6/node_modules/@types/ms/index.d.ts'
[10:11:36.649] Adding entry into typings cache: 'nodemon' => '/home/cosmic/.cache/typescript/4.6/node_modules/@types/nodemon/index.d.ts'
[10:11:36.651] Adding entry into typings cache: 'on-finished' => '/home/cosmic/.cache/typescript/4.6/node_modules/@types/on-finished/index.d.ts'
[10:11:36.671] Adding entry into typings cache: 'proxy-addr' => '/home/cosmic/.cache/typescript/4.6/node_modules/@types/proxy-addr/index.d.ts'
[10:11:36.770] Adding entry into typings cache: 'react' => '/home/cosmic/.cache/typescript/4.6/node_modules/@types/react/index.d.ts'
[10:11:36.795] Adding entry into typings cache: 'react-dom' => '/home/cosmic/.cache/typescript/4.6/node_modules/@types/react-dom/index.d.ts'
[10:11:36.840] Adding entry into typings cache: 'react-router-dom' => '/home/cosmic/.cache/typescript/4.6/node_modules/@types/react-router-dom/index.d.ts'
[10:11:36.843] Adding entry into typings cache: 'send' => '/home/cosmic/.cache/typescript/4.6/node_modules/@types/send/index.d.ts'
[10:11:36.885] Adding entry into typings cache: 'serve-static' => '/home/cosmic/.cache/typescript/4.6/node_modules/@types/serve-static/index.d.ts'
[10:11:36.888] Adding entry into typings cache: 'statuses' => '/home/cosmic/.cache/typescript/4.6/node_modules/@types/statuses/index.d.ts'
[10:11:36.890] Adding entry into typings cache: 'testing-library__jest-dom' => '/home/cosmic/.cache/typescript/4.6/node_modules/@types/testing-library__jest-dom/index.d.ts'
[10:11:36.918] Adding entry into typings cache: 'timelinejs' => '/home/cosmic/.cache/typescript/4.6/node_modules/@types/timelinejs/index.d.ts'
[10:11:36.920] Adding entry into typings cache: 'utils-merge' => '/home/cosmic/.cache/typescript/4.6/node_modules/@types/utils-merge/index.d.ts'
[10:11:36.921] Adding entry into typings cache: 'vary' => '/home/cosmic/.cache/typescript/4.6/node_modules/@types/vary/index.d.ts'
[10:11:36.921] Finished processing cache location '/home/cosmic/.cache/typescript/4.6'
[10:11:36.921] Process id: 8116
[10:11:36.921] NPM location: /snap/node/6275/bin/npm (explicit '--npmLocation' not  provided)
[10:11:36.921] validateDefaultNpmLocation: false
[10:11:36.922] Npm config file: /home/cosmic/.cache/typescript/4.6/package.json
[10:11:36.922] Updating types-registry npm package...
[10:11:36.922] Exec: /snap/node/6275/bin/npm install --ignore-scripts types-registry@latest
[10:11:42.278]     Succeeded. stdout:
[10:11:42.278] Updated types-registry npm package
[10:12:04.192] Got install request {"projectName":"/dev/null/inferredProject1*","fileNames":["/home/cosmic/.emacs.d/.cache/lsp/npm/typescript/lib/node_modules/typescript/lib/lib.es5.d.ts","/home/cosmic/.emacs.d/.cache/lsp/npm/typescript/lib/node_modules/typescript/lib/lib.es2015.d.ts","/home/cosmic/.emacs.d/.cache/lsp/npm/typescript/lib/node_modules/typescript/lib/lib.es2016.d.ts","/home/cosmic/.emacs.d/.cache/lsp/npm/typescript/lib/node_modules/typescript/lib/lib.dom.d.ts","/home/cosmic/.emacs.d/.cache/lsp/npm/typescript/lib/node_modules/typescript/lib/lib.dom.iterable.d.ts","/home/cosmic/.emacs.d/.cache/lsp/npm/typescript/lib/node_modules/typescript/lib/lib.webworker.importscripts.d.ts","/home/cosmic/.emacs.d/.cache/lsp/npm/typescript/lib/node_modules/typescript/lib/lib.scripthost.d.ts","/home/cosmic/.emacs.d/.cache/lsp/npm/typescript/lib/node_modules/typescript/lib/lib.es2015.core.d.ts","/home/cosmic/.emacs.d/.cache/lsp/npm/typescript/lib/node_modules/typescript/lib/lib.es2015.collection.d.ts","/home/cosmic/.emacs.d/.cache/lsp/npm/typescript/lib/node_modules/typescript/lib/lib.es2015.generator.d.ts","/home/cosmic/.emacs.d/.cache/lsp/npm/typescript/lib/node_modules/typescript/lib/lib.es2015.iterable.d.ts","/home/cosmic/.emacs.d/.cache/lsp/npm/typescript/lib/node_modules/typescript/lib/lib.es2015.promise.d.ts","/home/cosmic/.emacs.d/.cache/lsp/npm/typescript/lib/node_modules/typescript/lib/lib.es2015.proxy.d.ts","/home/cosmic/.emacs.d/.cache/lsp/npm/typescript/lib/node_modules/typescript/lib/lib.es2015.reflect.d.ts","/home/cosmic/.emacs.d/.cache/lsp/npm/typescript/lib/node_modules/typescript/lib/lib.es2015.symbol.d.ts","/home/cosmic/.emacs.d/.cache/lsp/npm/typescript/lib/node_modules/typescript/lib/lib.es2015.symbol.wellknown.d.ts","/home/cosmic/.emacs.d/.cache/lsp/npm/typescript/lib/node_modules/typescript/lib/lib.es2016.array.include.d.ts","/home/cosmic/.emacs.d/.cache/lsp/npm/typescript/lib/node_modules/typescript/lib/lib.es2016.full.d.ts","/home/cosmic/Documents/projects/my_blog/src/components/blogcard/bob.js","/home/cosmic/Documents/projects/my_blog/src/components/blogcard/bob2.js","/home/cosmic/Documents/projects/my_blog/src/body/body.js"],"compilerOptions":{"module":1,"target":3,"jsx":1,"allowJs":true,"allowSyntheticDefaultImports":true,"allowNonTsExtensions":true,"noEmitForJsFiles":true,"maxNodeModuleJsDepth":2},"typeAcquisition":{"enable":true,"include":[],"exclude":[]},"unresolvedImports":[],"projectRootPath":"/home/cosmic/Documents/projects/my_blog/src/body","kind":"discover"}
[10:12:04.211] Loaded safelist from types map file '/home/cosmic/.emacs.d/.cache/lsp/npm/typescript/lib/node_modules/typescript/lib/typesMap.json'
[10:12:04.212] Explicitly included types: []
[10:12:04.212] Inferred typings from unresolved imports: []
[10:12:04.213] Result: {"cachedTypingPaths":[],"newTypingNames":[],"filesToWatch":["/home/cosmic/Documents/projects/my_blog/src/components/blogcard/bower_components","/home/cosmic/Documents/projects/my_blog/src/components/blogcard/node_modules","/home/cosmic/Documents/projects/my_blog/src/body/bower_components","/home/cosmic/Documents/projects/my_blog/src/body/node_modules"]}
[10:12:04.213] Finished typings discovery: {"cachedTypingPaths":[],"newTypingNames":[],"filesToWatch":["/home/cosmic/Documents/projects/my_blog/src/components/blogcard/bower_components","/home/cosmic/Documents/projects/my_blog/src/components/blogcard/node_modules","/home/cosmic/Documents/projects/my_blog/src/body/bower_components","/home/cosmic/Documents/projects/my_blog/src/body/node_modules"]}
[10:12:04.213] DirectoryWatcher:: Added:: WatchInfo: /home/cosmic/Documents/projects/my_blog/src/components/blogcard/bower_components
[10:12:04.214] DirectoryWatcher:: Added:: WatchInfo: /home/cosmic/Documents/projects/my_blog/src/components/blogcard/bower_components 1 undefined Project: /dev/null/inferredProject1* watcher already invoked: false
[10:12:04.215] Elapsed:: 1.203600000590086ms DirectoryWatcher:: Added:: WatchInfo: /home/cosmic/Documents/projects/my_blog/src/components/blogcard/bower_components 1 undefined Project: /dev/null/inferredProject1* watcher already invoked: false
[10:12:04.215] DirectoryWatcher:: Added:: WatchInfo: /home/cosmic/Documents/projects/my_blog/src/components/blogcard/node_modules
[10:12:04.215] DirectoryWatcher:: Added:: WatchInfo: /home/cosmic/Documents/projects/my_blog/src/components/blogcard/node_modules 1 undefined Project: /dev/null/inferredProject1* watcher already invoked: false
[10:12:04.215] Elapsed:: 0.10190199874341488ms DirectoryWatcher:: Added:: WatchInfo: /home/cosmic/Documents/projects/my_blog/src/components/blogcard/node_modules 1 undefined Project: /dev/null/inferredProject1* watcher already invoked: false
[10:12:04.215] DirectoryWatcher:: Added:: WatchInfo: /home/cosmic/Documents/projects/my_blog/src/body/bower_components
[10:12:04.215] DirectoryWatcher:: Added:: WatchInfo: /home/cosmic/Documents/projects/my_blog/src/body/bower_components 1 undefined Project: /dev/null/inferredProject1* watcher already invoked: false
[10:12:04.215] Elapsed:: 0.0903829988092184ms DirectoryWatcher:: Added:: WatchInfo: /home/cosmic/Documents/projects/my_blog/src/body/bower_components 1 undefined Project: /dev/null/inferredProject1* watcher already invoked: false
[10:12:04.215] DirectoryWatcher:: Added:: WatchInfo: /home/cosmic/Documents/projects/my_blog/src/body/node_modules
[10:12:04.216] DirectoryWatcher:: Added:: WatchInfo: /home/cosmic/Documents/projects/my_blog/src/body/node_modules 1 undefined Project: /dev/null/inferredProject1* watcher already invoked: false
[10:12:04.216] Elapsed:: 0.08635400049388409ms DirectoryWatcher:: Added:: WatchInfo: /home/cosmic/Documents/projects/my_blog/src/body/node_modules 1 undefined Project: /dev/null/inferredProject1* watcher already invoked: false
[10:12:04.216] Sending response:
    {"projectName":"/dev/null/inferredProject1*","typeAcquisition":{"enable":true,"include":[],"exclude":[]},"compilerOptions":{"module":1,"target":3,"jsx":1,"allowJs":true,"allowSyntheticDefaultImports":true,"allowNonTsExtensions":true,"noEmitForJsFiles":true,"maxNodeModuleJsDepth":2},"typings":[],"unresolvedImports":[],"kind":"action::set"}
[10:12:04.216] Response has been sent.
[10:12:04.216] No new typings were requested as a result of typings discovery
